<?xml version="1.0" encoding="UTF-8"?>
<!-- Generated by org.testng.reporters.JUnitReportReporter -->
<testsuite skipped="0" hostname="DESKTOP-BURK48L" name="com.moduleone.SampleDataProviderTest" tests="3" failures="0" timestamp="18 Jul 2022 03:02:22 GMT" time="0.025" errors="0">
  <testcase name="login" time="0.001" classname="com.moduleone.SampleDataProviderTest"/>
  <testcase name="login" time="0.002" classname="com.moduleone.SampleDataProviderTest"/>
  <testcase name="login" time="0.022" classname="com.moduleone.SampleDataProviderTest"/>
</testsuite> <!-- com.moduleone.SampleDataProviderTest -->
