<?xml version="1.0" encoding="UTF-8"?>
<!-- Generated by org.testng.reporters.JUnitReportReporter -->
<testsuite skipped="0" hostname="DESKTOP-BURK48L" name="com.moduleone.LoginPage" tests="4" failures="0" timestamp="18 Jul 2022 03:07:08 GMT" time="30.482" errors="0">
  <testcase name="launchBrowser" time="11.561" classname="com.moduleone.LoginPage"/>
  <testcase name="launchBrowser" time="6.330" classname="com.moduleone.LoginPage"/>
  <testcase name="launchBrowser" time="6.705" classname="com.moduleone.LoginPage"/>
  <testcase name="launchBrowser" time="5.886" classname="com.moduleone.LoginPage"/>
</testsuite> <!-- com.moduleone.LoginPage -->
